<?xml version="1.0" encoding="UTF-8"?>
<!-- Generated by org.testng.reporters.JUnitXMLReporter -->
<testsuite ignored="0" hostname="DESKTOP-3N7FDE7" failures="0" tests="12" name="Surefire test" time="0.645" errors="0" timestamp="2025-02-03T14:47:32 IST">
  <testcase classname="testBase.BaseClass" name="@BeforeClass setup" time="-1.738574251477E9">
    <failure type="org.testng.TestNGException" message="
Parameter &amp;apos;os&amp;apos; is required by BeforeClass on method setup but has not been marked @Optional or defined
">
      <![CDATA[org.testng.TestNGException: 
Parameter 'os' is required by BeforeClass on method setup but has not been marked @Optional or defined

at java.base/java.util.ArrayList.forEach(ArrayList.java:1597)
... Removed 27 stack frames]]>
    </failure>
  </testcase> <!-- @BeforeClass setup -->
  <testcase classname="testBase.BaseClass" name="@AfterClass teardown" time="0.0">
    <skipped/>
  </testcase> <!-- @AfterClass teardown -->
  <testcase classname="testcases.SignInTest" name="ValidateUrl" time="0.0">
    <skipped/>
  </testcase> <!-- ValidateUrl -->
  <testcase classname="testcases.SignInTest" name="IsLogoDisplayed" time="0.0">
    <skipped/>
  </testcase> <!-- IsLogoDisplayed -->
  <testcase classname="testcases.SignInTest" name="IsWelcomeDisplayed" time="0.0">
    <skipped/>
  </testcase> <!-- IsWelcomeDisplayed -->
  <testcase classname="testcases.SignInTest" name="IsrememberDisplayed" time="0.0">
    <skipped/>
  </testcase> <!-- IsrememberDisplayed -->
  <testcase classname="testcases.SignInTest" name="SignInDisplayed" time="0.0">
    <skipped/>
  </testcase> <!-- SignInDisplayed -->
  <testcase classname="testcases.SignInTest" name="rememberClick" time="0.0">
    <skipped/>
  </testcase> <!-- rememberClick -->
  <testcase classname="testcases.SignInTest" name="IsForgot" time="0.001">
    <skipped/>
  </testcase> <!-- IsForgot -->
  <testcase classname="testcases.SignInTest" name="enterusername" time="0.0">
    <skipped/>
  </testcase> <!-- enterusername -->
  <testcase classname="testcases.SignInTest" name="passwordToggleTest" time="0.0">
    <skipped/>
  </testcase> <!-- passwordToggleTest -->
  <testcase classname="testcases.SignInTest" name="enterpassword" time="0.0">
    <skipped/>
  </testcase> <!-- enterpassword -->
  <testcase classname="testcases.SignInTest" name="register" time="0.0">
    <skipped/>
  </testcase> <!-- register -->
  <testcase classname="testcases.SignInTest" name="IsSignClicked" time="0.0">
    <skipped/>
  </testcase> <!-- IsSignClicked -->
</testsuite> <!-- Surefire test -->
