<?xml version="1.0" encoding="UTF-8"?>
<!-- Generated by org.testng.reporters.JUnitXMLReporter -->
<testsuite ignored="0" hostname="DESKTOP-3N7FDE7" failures="0" tests="12" name="Default test" time="0.466" errors="0" timestamp="2025-01-23T10:17:18 IST">
  <testcase classname="testBase.BaseClass" name="@BeforeClass setup" time="-1.737607637527E9">
    <failure type="org.testng.TestNGException" message="
Parameter &amp;apos;os&amp;apos; is required by BeforeClass on method setup but has not been marked @Optional or defined
in C:\Users\Cybrain Software\AppData\Local\Temp\testng-eclipse--2006562579\testng-customsuite.xml">
      <![CDATA[org.testng.TestNGException: 
Parameter 'os' is required by BeforeClass on method setup but has not been marked @Optional or defined
in C:\Users\Cybrain Software\AppData\Local\Temp\testng-eclipse--2006562579\testng-customsuite.xml
at org.testng.internal.Parameters.createParams(Parameters.java:270)
at org.testng.internal.Parameters.createParametersForMethod(Parameters.java:358)
at org.testng.internal.Parameters.createParameters(Parameters.java:700)
at org.testng.internal.Parameters.createConfigurationParameters(Parameters.java:168)
at org.testng.internal.ConfigInvoker.invokeConfigurations(ConfigInvoker.java:302)
at org.testng.internal.TestMethodWorker.invokeBeforeClassMethods(TestMethodWorker.java:176)
at org.testng.internal.TestMethodWorker.run(TestMethodWorker.java:122)
at java.base/java.util.ArrayList.forEach(ArrayList.java:1597)
at org.testng.TestRunner.privateRun(TestRunner.java:794)
at org.testng.TestRunner.run(TestRunner.java:596)
at org.testng.SuiteRunner.runTest(SuiteRunner.java:377)
at org.testng.SuiteRunner.runSequentially(SuiteRunner.java:371)
at org.testng.SuiteRunner.privateRun(SuiteRunner.java:332)
at org.testng.SuiteRunner.run(SuiteRunner.java:276)
at org.testng.SuiteRunnerWorker.runSuite(SuiteRunnerWorker.java:53)
at org.testng.SuiteRunnerWorker.run(SuiteRunnerWorker.java:96)
at org.testng.TestNG.runSuitesSequentially(TestNG.java:1212)
at org.testng.TestNG.runSuitesLocally(TestNG.java:1134)
at org.testng.TestNG.runSuites(TestNG.java:1063)
at org.testng.TestNG.run(TestNG.java:1031)
at org.testng.remote.AbstractRemoteTestNG.run(AbstractRemoteTestNG.java:115)
at org.testng.remote.RemoteTestNG.initAndRun(RemoteTestNG.java:293)
at org.testng.remote.RemoteTestNG.main(RemoteTestNG.java:91)
]]>
    </failure>
  </testcase> <!-- @BeforeClass setup -->
  <testcase classname="testBase.BaseClass" name="@AfterClass teardown" time="-1.737607637951E9">
    <skipped/>
  </testcase> <!-- @AfterClass teardown -->
  <testcase classname="testcases.SignInTest" name="ValidateUrl" time="0.0">
    <skipped/>
  </testcase> <!-- ValidateUrl -->
  <testcase classname="testcases.SignInTest" name="IsLogoDisplayed" time="0.0">
    <skipped/>
  </testcase> <!-- IsLogoDisplayed -->
  <testcase classname="testcases.SignInTest" name="IsWelcomeDisplayed" time="0.0">
    <skipped/>
  </testcase> <!-- IsWelcomeDisplayed -->
  <testcase classname="testcases.SignInTest" name="IsrememberDisplayed" time="0.0">
    <skipped/>
  </testcase> <!-- IsrememberDisplayed -->
  <testcase classname="testcases.SignInTest" name="SignInDisplayed" time="0.0">
    <skipped/>
  </testcase> <!-- SignInDisplayed -->
  <testcase classname="testcases.SignInTest" name="rememberClick" time="0.0">
    <skipped/>
  </testcase> <!-- rememberClick -->
  <testcase classname="testcases.SignInTest" name="IsForgot" time="0.0">
    <skipped/>
  </testcase> <!-- IsForgot -->
  <testcase classname="testcases.SignInTest" name="enterusername" time="0.0">
    <skipped/>
  </testcase> <!-- enterusername -->
  <testcase classname="testcases.SignInTest" name="enterpassword" time="0.0">
    <skipped/>
  </testcase> <!-- enterpassword -->
  <testcase classname="testcases.SignInTest" name="register" time="0.0">
    <skipped/>
  </testcase> <!-- register -->
  <testcase classname="testcases.SignInTest" name="passwordToggleTest" time="0.0">
    <skipped/>
  </testcase> <!-- passwordToggleTest -->
  <testcase classname="testcases.SignInTest" name="IsSignClicked" time="0.0">
    <skipped/>
  </testcase> <!-- IsSignClicked -->
</testsuite> <!-- Default test -->
