<?xml version="1.0" encoding="UTF-8"?>
<!-- Generated by org.testng.reporters.JUnitXMLReporter -->
<testsuite ignored="0" hostname="DESKTOP-3N7FDE7" failures="1" tests="12" name="paracheck" time="21.396" errors="0" timestamp="2025-01-23T11:32:09 IST">
  <testcase classname="testcases.SignInTest" name="ValidateUrl" time="0.419"/>
  <testcase classname="testcases.SignInTest" name="IsLogoDisplayed" time="0.291"/>
  <testcase classname="testcases.SignInTest" name="IsWelcomeDisplayed" time="0.293"/>
  <testcase classname="testcases.SignInTest" name="IsrememberDisplayed" time="0.17"/>
  <testcase classname="testcases.SignInTest" name="SignInDisplayed" time="0.121"/>
  <testcase classname="testcases.SignInTest" name="rememberClick" time="0.403"/>
  <testcase classname="testcases.SignInTest" name="IsForgot" time="0.457"/>
  <testcase classname="testcases.SignInTest" name="enterusername" time="0.477"/>
  <testcase classname="testcases.SignInTest" name="passwordToggleTest" time="0.78">
    <failure type="java.lang.AssertionError" message="text expected [text] but found [Password should be visible]">
      <![CDATA[java.lang.AssertionError: text expected [text] but found [Password should be visible]
at testcases.SignInTest.passwordToggleTest(SignInTest.java:100)
at java.base/java.util.ArrayList.forEach(ArrayList.java:1597)
... Removed 30 stack frames]]>
    </failure>
  </testcase> <!-- passwordToggleTest -->
  <testcase classname="testcases.SignInTest" name="enterpassword" time="0.43"/>
  <testcase classname="testcases.SignInTest" name="register" time="0.257"/>
  <testcase classname="testcases.SignInTest" name="IsSignClicked" time="0.253"/>
</testsuite> <!-- paracheck -->
