<?xml version="1.0" encoding="UTF-8"?>
<testng-results ignored="0" total="12" passed="11" failed="1" skipped="0">
  <reporter-output>
  </reporter-output>
  <suite started-at="2025-01-23T11:31:47 IST" name="Suite" finished-at="2025-01-23T11:32:09 IST" duration-ms="21396">
    <groups>
    </groups>
    <test started-at="2025-01-23T11:31:47 IST" name="paracheck" finished-at="2025-01-23T11:32:09 IST" duration-ms="21396">
      <class name="testcases.SignInTest">
        <test-method is-config="true" signature="setup(java.lang.String,java.lang.String)[pri:0, instance:testcases.SignInTest@18317edc]" started-at="2025-01-23T11:31:47 IST" name="setup" finished-at="2025-01-23T11:32:02 IST" duration-ms="15058" status="PASS">
          <params>
            <param index="0">
              <value>
                <![CDATA[windows]]>
              </value>
            </param>
            <param index="1">
              <value>
                <![CDATA[chrome]]>
              </value>
            </param>
          </params>
          <reporter-output>
          </reporter-output>
        </test-method> <!-- setup -->
        <test-method signature="ValidateUrl()[pri:1, instance:testcases.SignInTest@18317edc]" started-at="2025-01-23T11:32:02 IST" name="ValidateUrl" finished-at="2025-01-23T11:32:03 IST" duration-ms="419" status="PASS">
          <reporter-output>
          </reporter-output>
        </test-method> <!-- ValidateUrl -->
        <test-method signature="IsLogoDisplayed()[pri:2, instance:testcases.SignInTest@18317edc]" started-at="2025-01-23T11:32:03 IST" name="IsLogoDisplayed" finished-at="2025-01-23T11:32:03 IST" duration-ms="291" status="PASS">
          <reporter-output>
          </reporter-output>
        </test-method> <!-- IsLogoDisplayed -->
        <test-method signature="IsWelcomeDisplayed()[pri:5, instance:testcases.SignInTest@18317edc]" started-at="2025-01-23T11:32:03 IST" name="IsWelcomeDisplayed" finished-at="2025-01-23T11:32:04 IST" duration-ms="293" status="PASS">
          <reporter-output>
          </reporter-output>
        </test-method> <!-- IsWelcomeDisplayed -->
        <test-method signature="IsrememberDisplayed()[pri:6, instance:testcases.SignInTest@18317edc]" started-at="2025-01-23T11:32:04 IST" name="IsrememberDisplayed" finished-at="2025-01-23T11:32:04 IST" duration-ms="170" status="PASS">
          <reporter-output>
          </reporter-output>
        </test-method> <!-- IsrememberDisplayed -->
        <test-method signature="SignInDisplayed()[pri:7, instance:testcases.SignInTest@18317edc]" started-at="2025-01-23T11:32:04 IST" name="SignInDisplayed" finished-at="2025-01-23T11:32:04 IST" duration-ms="121" status="PASS">
          <reporter-output>
          </reporter-output>
        </test-method> <!-- SignInDisplayed -->
        <test-method signature="rememberClick()[pri:8, instance:testcases.SignInTest@18317edc]" started-at="2025-01-23T11:32:04 IST" name="rememberClick" finished-at="2025-01-23T11:32:04 IST" duration-ms="403" status="PASS">
          <reporter-output>
          </reporter-output>
        </test-method> <!-- rememberClick -->
        <test-method signature="IsForgot()[pri:9, instance:testcases.SignInTest@18317edc]" started-at="2025-01-23T11:32:04 IST" name="IsForgot" finished-at="2025-01-23T11:32:05 IST" duration-ms="457" status="PASS">
          <reporter-output>
          </reporter-output>
        </test-method> <!-- IsForgot -->
        <test-method signature="enterusername()[pri:10, instance:testcases.SignInTest@18317edc]" started-at="2025-01-23T11:32:05 IST" name="enterusername" finished-at="2025-01-23T11:32:05 IST" duration-ms="477" status="PASS">
          <reporter-output>
          </reporter-output>
        </test-method> <!-- enterusername -->
        <test-method signature="passwordToggleTest()[pri:10, instance:testcases.SignInTest@18317edc]" started-at="2025-01-23T11:32:05 IST" name="passwordToggleTest" finished-at="2025-01-23T11:32:06 IST" duration-ms="780" status="FAIL">
          <exception class="java.lang.AssertionError">
            <message>
              <![CDATA[text expected [text] but found [Password should be visible]]]>
            </message>
            <full-stacktrace>
              <![CDATA[java.lang.AssertionError: text expected [text] but found [Password should be visible]
at org.testng.Assert.fail(Assert.java:99)
at org.testng.Assert.failNotEquals(Assert.java:1037)
at org.testng.Assert.assertEqualsImpl(Assert.java:140)
at org.testng.Assert.assertEquals(Assert.java:122)
at org.testng.Assert.assertEquals(Assert.java:629)
at testcases.SignInTest.passwordToggleTest(SignInTest.java:100)
at java.base/jdk.internal.reflect.DirectMethodHandleAccessor.invoke(DirectMethodHandleAccessor.java:103)
at java.base/java.lang.reflect.Method.invoke(Method.java:580)
at org.testng.internal.MethodInvocationHelper.invokeMethod(MethodInvocationHelper.java:133)
at org.testng.internal.TestInvoker.invokeMethod(TestInvoker.java:598)
at org.testng.internal.TestInvoker.invokeTestMethod(TestInvoker.java:173)
at org.testng.internal.MethodRunner.runInSequence(MethodRunner.java:46)
at org.testng.internal.TestInvoker$MethodInvocationAgent.invoke(TestInvoker.java:824)
at org.testng.internal.TestInvoker.invokeTestMethods(TestInvoker.java:146)
at org.testng.internal.TestMethodWorker.invokeTestMethods(TestMethodWorker.java:146)
at org.testng.internal.TestMethodWorker.run(TestMethodWorker.java:128)
at java.base/java.util.ArrayList.forEach(ArrayList.java:1597)
at org.testng.TestRunner.privateRun(TestRunner.java:794)
at org.testng.TestRunner.run(TestRunner.java:596)
at org.testng.SuiteRunner.runTest(SuiteRunner.java:377)
at org.testng.SuiteRunner.runSequentially(SuiteRunner.java:371)
at org.testng.SuiteRunner.privateRun(SuiteRunner.java:332)
at org.testng.SuiteRunner.run(SuiteRunner.java:276)
at org.testng.SuiteRunnerWorker.runSuite(SuiteRunnerWorker.java:53)
at org.testng.SuiteRunnerWorker.run(SuiteRunnerWorker.java:96)
at org.testng.TestNG.runSuitesSequentially(TestNG.java:1212)
at org.testng.TestNG.runSuitesLocally(TestNG.java:1134)
at org.testng.TestNG.runSuites(TestNG.java:1063)
at org.testng.TestNG.run(TestNG.java:1031)
at org.testng.remote.AbstractRemoteTestNG.run(AbstractRemoteTestNG.java:115)
at org.testng.remote.RemoteTestNG.initAndRun(RemoteTestNG.java:293)
at org.testng.remote.RemoteTestNG.main(RemoteTestNG.java:91)
]]>
            </full-stacktrace>
          </exception> <!-- java.lang.AssertionError -->
          <reporter-output>
          </reporter-output>
        </test-method> <!-- passwordToggleTest -->
        <test-method signature="enterpassword()[pri:11, instance:testcases.SignInTest@18317edc]" started-at="2025-01-23T11:32:06 IST" name="enterpassword" finished-at="2025-01-23T11:32:07 IST" duration-ms="430" status="PASS">
          <reporter-output>
          </reporter-output>
        </test-method> <!-- enterpassword -->
        <test-method signature="register()[pri:12, instance:testcases.SignInTest@18317edc]" started-at="2025-01-23T11:32:07 IST" name="register" finished-at="2025-01-23T11:32:07 IST" duration-ms="257" status="PASS">
          <reporter-output>
          </reporter-output>
        </test-method> <!-- register -->
        <test-method signature="IsSignClicked()[pri:14, instance:testcases.SignInTest@18317edc]" started-at="2025-01-23T11:32:07 IST" name="IsSignClicked" finished-at="2025-01-23T11:32:07 IST" duration-ms="253" status="PASS">
          <reporter-output>
          </reporter-output>
        </test-method> <!-- IsSignClicked -->
        <test-method is-config="true" signature="teardown()[pri:0, instance:testcases.SignInTest@18317edc]" started-at="2025-01-23T11:32:07 IST" name="teardown" finished-at="2025-01-23T11:32:09 IST" duration-ms="1376" status="PASS">
          <reporter-output>
          </reporter-output>
        </test-method> <!-- teardown -->
      </class> <!-- testcases.SignInTest -->
    </test> <!-- paracheck -->
  </suite> <!-- Suite -->
</testng-results>
