<?xml version="1.0" encoding="UTF-8"?>
<!-- Generated by org.testng.reporters.JUnitReportReporter -->
<testsuite hostname="DESKTOP-3N7FDE7" failures="0" tests="13" name="testcases.SignInTest" time="-1738574208.000" errors="1" timestamp="2025-02-03T14:47:32 IST" skipped="12">
  <testcase classname="testcases.SignInTest" name="setup" time="-1738574208.000">
    <error message="
Parameter &#039;os&#039; is required by BeforeClass on method setup but has not been marked @Optional or defined
" type="org.testng.TestNGException">
      <![CDATA[org.testng.TestNGException: 
Parameter 'os' is required by BeforeClass on method setup but has not been marked @Optional or defined

at org.testng.internal.Parameters.createParams(Parameters.java:264)
at org.testng.internal.Parameters.createParametersForMethod(Parameters.java:352)
at org.testng.internal.Parameters.createParameters(Parameters.java:690)
at org.testng.internal.Parameters.createConfigurationParameters(Parameters.java:163)
at org.testng.internal.invokers.ConfigInvoker.invokeConfigurations(ConfigInvoker.java:313)
at org.testng.internal.invokers.TestMethodWorker.invokeBeforeClassMethods(TestMethodWorker.java:188)
at org.testng.internal.invokers.TestMethodWorker.run(TestMethodWorker.java:128)
at java.base/java.util.ArrayList.forEach(ArrayList.java:1597)
at org.testng.TestRunner.privateRun(TestRunner.java:739)
at org.testng.TestRunner.run(TestRunner.java:614)
at org.testng.SuiteRunner.runTest(SuiteRunner.java:421)
at org.testng.SuiteRunner.runSequentially(SuiteRunner.java:413)
at org.testng.SuiteRunner.privateRun(SuiteRunner.java:373)
at org.testng.SuiteRunner.run(SuiteRunner.java:312)
at org.testng.SuiteRunnerWorker.runSuite(SuiteRunnerWorker.java:52)
at org.testng.SuiteRunnerWorker.run(SuiteRunnerWorker.java:95)
at org.testng.TestNG.runSuitesSequentially(TestNG.java:1274)
at org.testng.TestNG.runSuitesLocally(TestNG.java:1208)
at org.testng.TestNG.runSuites(TestNG.java:1112)
at org.testng.TestNG.run(TestNG.java:1079)
at org.apache.maven.surefire.testng.TestNGExecutor.run(TestNGExecutor.java:155)
at org.apache.maven.surefire.testng.TestNGDirectoryTestSuite.executeMulti(TestNGDirectoryTestSuite.java:169)
at org.apache.maven.surefire.testng.TestNGDirectoryTestSuite.execute(TestNGDirectoryTestSuite.java:88)
at org.apache.maven.surefire.testng.TestNGProvider.invoke(TestNGProvider.java:137)
at org.apache.maven.surefire.booter.ForkedBooter.runSuitesInProcess(ForkedBooter.java:385)
at org.apache.maven.surefire.booter.ForkedBooter.execute(ForkedBooter.java:162)
at org.apache.maven.surefire.booter.ForkedBooter.run(ForkedBooter.java:507)
at org.apache.maven.surefire.booter.ForkedBooter.main(ForkedBooter.java:495)
]]>
    </error>
  </testcase> <!-- setup -->
  <testcase classname="testcases.SignInTest" name="ValidateUrl" time="0.000">
    <skipped/>
  </testcase> <!-- ValidateUrl -->
  <testcase classname="testcases.SignInTest" name="IsLogoDisplayed" time="0.000">
    <skipped/>
  </testcase> <!-- IsLogoDisplayed -->
  <testcase classname="testcases.SignInTest" name="IsWelcomeDisplayed" time="0.000">
    <skipped/>
  </testcase> <!-- IsWelcomeDisplayed -->
  <testcase classname="testcases.SignInTest" name="IsrememberDisplayed" time="0.000">
    <skipped/>
  </testcase> <!-- IsrememberDisplayed -->
  <testcase classname="testcases.SignInTest" name="SignInDisplayed" time="0.000">
    <skipped/>
  </testcase> <!-- SignInDisplayed -->
  <testcase classname="testcases.SignInTest" name="rememberClick" time="0.000">
    <skipped/>
  </testcase> <!-- rememberClick -->
  <testcase classname="testcases.SignInTest" name="IsForgot" time="0.001">
    <skipped/>
  </testcase> <!-- IsForgot -->
  <testcase classname="testcases.SignInTest" name="passwordToggleTest" time="0.000">
    <skipped/>
  </testcase> <!-- passwordToggleTest -->
  <testcase classname="testcases.SignInTest" name="enterusername" time="0.000">
    <skipped/>
  </testcase> <!-- enterusername -->
  <testcase classname="testcases.SignInTest" name="enterpassword" time="0.000">
    <skipped/>
  </testcase> <!-- enterpassword -->
  <testcase classname="testcases.SignInTest" name="register" time="0.000">
    <skipped/>
  </testcase> <!-- register -->
  <testcase classname="testcases.SignInTest" name="IsSignClicked" time="0.000">
    <skipped/>
  </testcase> <!-- IsSignClicked -->
</testsuite> <!-- testcases.SignInTest -->
